<?xml version="1.0" encoding="UTF-8"?>
<!-- Generated by org.testng.reporters.JUnitReportReporter -->
<testsuite hostname="DESKTOP-I0292P0" failures="0" tests="1" name="test.TC001" time="25.386" errors="0" timestamp="2024-07-29T10:38:50 IST" skipped="0">
  <testcase classname="test.TC001" name="Test1" time="25.386"/>
</testsuite> <!-- test.TC001 -->
