<?xml version="1.0" encoding="UTF-8"?>
<!-- Generated by org.testng.reporters.JUnitReportReporter -->
<testsuite hostname="DESKTOP-I0292P0" failures="0" tests="1" name="test.TC005_FieldCheck" time="95.538" errors="0" timestamp="2024-08-08T16:47:42 IST" skipped="0">
  <testcase classname="test.TC005_FieldCheck" name="Test1" time="95.538"/>
</testsuite> <!-- test.TC005_FieldCheck -->
