<?xml version="1.0" encoding="UTF-8"?>
<!-- Generated by org.testng.reporters.JUnitReportReporter -->
<testsuite hostname="DESKTOP-I0292P0" failures="0" tests="4" name="test.TC002_Login" time="116.061" errors="0" timestamp="2024-08-08T16:47:42 IST" skipped="0">
  <testcase classname="test.TC002_Login" name="Test1" time="26.492"/>
  <testcase classname="test.TC002_Login" name="Test1" time="21.176"/>
  <testcase classname="test.TC002_Login" name="Test1" time="35.416"/>
  <testcase classname="test.TC002_Login" name="Test1" time="32.977"/>
</testsuite> <!-- test.TC002_Login -->
