<?xml version="1.0" encoding="UTF-8"?>
<!-- Generated by org.testng.reporters.JUnitReportReporter -->
<testsuite hostname="DESKTOP-I0292P0" failures="0" tests="1" name="test.TC003_OnewayFlight" time="81.196" errors="0" timestamp="2024-08-08T17:29:05 IST" skipped="0">
  <testcase classname="test.TC003_OnewayFlight" name="Test1" time="81.196"/>
</testsuite> <!-- test.TC003_OnewayFlight -->
