<?xml version="1.0" encoding="UTF-8"?>
<!-- Generated by org.testng.reporters.JUnitReportReporter -->
<testsuite hostname="DESKTOP-I0292P0" failures="0" tests="4" name="test.TC002_Login" time="124.458" errors="0" timestamp="2024-08-08T17:45:44 IST" skipped="0">
  <testcase classname="test.TC002_Login" name="Test1" time="20.575"/>
  <testcase classname="test.TC002_Login" name="Test1" time="43.809"/>
  <testcase classname="test.TC002_Login" name="Test1" time="29.823"/>
  <testcase classname="test.TC002_Login" name="Test1" time="30.251"/>
</testsuite> <!-- test.TC002_Login -->
