<?xml version="1.0" encoding="UTF-8"?>
<!-- Generated by org.testng.reporters.JUnitReportReporter -->
<testsuite hostname="DESKTOP-I0292P0" failures="0" tests="1" name="test.TC001_signup" time="28.082" errors="0" timestamp="2024-08-08T17:45:44 IST" skipped="0">
  <testcase classname="test.TC001_signup" name="Test1" time="28.082"/>
</testsuite> <!-- test.TC001_signup -->
