<?xml version="1.0" encoding="UTF-8"?>
<!-- Generated by org.testng.reporters.JUnitReportReporter -->
<testsuite hostname="DESKTOP-I0292P0" failures="0" tests="1" name="test.TC004_RoundTrip" time="128.324" errors="0" timestamp="2024-08-08T17:45:44 IST" skipped="0">
  <testcase classname="test.TC004_RoundTrip" name="Test1" time="128.324"/>
</testsuite> <!-- test.TC004_RoundTrip -->
